<?xml version="1.0" encoding="UTF-8"?>
<!-- Generated by org.testng.reporters.JUnitReportReporter -->
<testsuite hostname="Samis-MacBook-Pro.local" name="UnitTest.LaunchChrome" tests="1" failures="0" timestamp="15 Mar 2019 22:34:04 GMT" time="25.279" errors="0">
  <testcase name="launchChrome" time="25.279" classname="UnitTest.LaunchChrome"/>
</testsuite> <!-- UnitTest.LaunchChrome -->
